<?xml version="1.0" encoding="UTF-8"?>
<!-- Generated by org.testng.reporters.JUnitReportReporter -->
<testsuite hostname="ws-728e3373-7f29-4a30-a3ea-db23f7648855" failures="0" tests="2" name="org.art.racecondition.counter.IntLockFreeCounterTest" time="1.248" errors="0" timestamp="13 Dec 2021 14:29:27 GMT">
  <testcase classname="org.art.racecondition.counter.IntLockFreeCounterTest" name="testIncrementAndGet_whenSingleThread" time="0.145"/>
  <testcase classname="org.art.racecondition.counter.IntLockFreeCounterTest" name="testIncrementAndGet_whenMultipleThreads" time="1.103"/>
</testsuite> <!-- org.art.racecondition.counter.IntLockFreeCounterTest -->
