<?xml version="1.0" encoding="UTF-8"?>
<!-- Generated by org.testng.reporters.JUnitReportReporter -->
<testsuite hostname="ws-728e3373-7f29-4a30-a3ea-db23f7648855" failures="0" tests="1" name="org.art.mainthread.MainTest" time="0.101" errors="0" timestamp="13 Dec 2021 14:29:17 GMT">
  <testcase classname="org.art.mainthread.MainTest" name="testMain" time="0.101"/>
</testsuite> <!-- org.art.mainthread.MainTest -->
