<?xml version="1.0" encoding="UTF-8"?>
<testsuite xmlns:xsi="http://www.w3.org/2001/XMLSchema-instance" xsi:noNamespaceSchemaLocation="https://maven.apache.org/surefire/maven-surefire-plugin/xsd/surefire-test-report.xsd" name="com.abc.AppTest" time="0.014" tests="1" errors="0" skipped="0" failures="0">
  <properties>
    <property name="awt.toolkit" value="sun.awt.X11.XToolkit"/>
    <property name="java.specification.version" value="11"/>
    <property name="sun.cpu.isalist" value=""/>
    <property name="sun.jnu.encoding" value="UTF-8"/>
    <property name="java.class.path" value="/workspace/hadoop/demo/target/test-classes:/workspace/hadoop/demo/target/classes:/workspace/m2-repository/junit/junit/4.11/junit-4.11.jar:/workspace/m2-repository/org/hamcrest/hamcrest-core/1.3/hamcrest-core-1.3.jar:/workspace/m2-repository/org/apache/spark/spark-core_2.12/3.3.0/spark-core_2.12-3.3.0.jar:/workspace/m2-repository/org/apache/avro/avro/1.11.0/avro-1.11.0.jar:/workspace/m2-repository/com/fasterxml/jackson/core/jackson-core/2.12.5/jackson-core-2.12.5.jar:/workspace/m2-repository/org/apache/commons/commons-compress/1.21/commons-compress-1.21.jar:/workspace/m2-repository/org/apache/avro/avro-mapred/1.11.0/avro-mapred-1.11.0.jar:/workspace/m2-repository/org/apache/avro/avro-ipc/1.11.0/avro-ipc-1.11.0.jar:/workspace/m2-repository/org/tukaani/xz/1.9/xz-1.9.jar:/workspace/m2-repository/com/twitter/chill_2.12/0.10.0/chill_2.12-0.10.0.jar:/workspace/m2-repository/com/esotericsoftware/kryo-shaded/4.0.2/kryo-shaded-4.0.2.jar:/workspace/m2-repository/com/esotericsoftware/minlog/1.3.0/minlog-1.3.0.jar:/workspace/m2-repository/org/objenesis/objenesis/2.5.1/objenesis-2.5.1.jar:/workspace/m2-repository/com/twitter/chill-java/0.10.0/chill-java-0.10.0.jar:/workspace/m2-repository/org/apache/xbean/xbean-asm9-shaded/4.20/xbean-asm9-shaded-4.20.jar:/workspace/m2-repository/org/apache/hadoop/hadoop-client-api/3.3.2/hadoop-client-api-3.3.2.jar:/workspace/m2-repository/org/apache/hadoop/hadoop-client-runtime/3.3.2/hadoop-client-runtime-3.3.2.jar:/workspace/m2-repository/commons-logging/commons-logging/1.1.3/commons-logging-1.1.3.jar:/workspace/m2-repository/org/apache/spark/spark-launcher_2.12/3.3.0/spark-launcher_2.12-3.3.0.jar:/workspace/m2-repository/org/apache/spark/spark-kvstore_2.12/3.3.0/spark-kvstore_2.12-3.3.0.jar:/workspace/m2-repository/org/fusesource/leveldbjni/leveldbjni-all/1.8/leveldbjni-all-1.8.jar:/workspace/m2-repository/com/fasterxml/jackson/core/jackson-annotations/2.13.3/jackson-annotations-2.13.3.jar:/workspace/m2-repository/org/apache/spark/spark-network-common_2.12/3.3.0/spark-network-common_2.12-3.3.0.jar:/workspace/m2-repository/com/google/crypto/tink/tink/1.6.1/tink-1.6.1.jar:/workspace/m2-repository/org/apache/spark/spark-network-shuffle_2.12/3.3.0/spark-network-shuffle_2.12-3.3.0.jar:/workspace/m2-repository/org/apache/spark/spark-unsafe_2.12/3.3.0/spark-unsafe_2.12-3.3.0.jar:/workspace/m2-repository/javax/activation/activation/1.1.1/activation-1.1.1.jar:/workspace/m2-repository/org/apache/curator/curator-recipes/2.13.0/curator-recipes-2.13.0.jar:/workspace/m2-repository/org/apache/curator/curator-framework/2.13.0/curator-framework-2.13.0.jar:/workspace/m2-repository/org/apache/zookeeper/zookeeper/3.6.2/zookeeper-3.6.2.jar:/workspace/m2-repository/commons-lang/commons-lang/2.6/commons-lang-2.6.jar:/workspace/m2-repository/org/apache/zookeeper/zookeeper-jute/3.6.2/zookeeper-jute-3.6.2.jar:/workspace/m2-repository/jakarta/servlet/jakarta.servlet-api/4.0.3/jakarta.servlet-api-4.0.3.jar:/workspace/m2-repository/commons-codec/commons-codec/1.15/commons-codec-1.15.jar:/workspace/m2-repository/org/apache/commons/commons-lang3/3.12.0/commons-lang3-3.12.0.jar:/workspace/m2-repository/org/apache/commons/commons-math3/3.6.1/commons-math3-3.6.1.jar:/workspace/m2-repository/org/apache/commons/commons-text/1.9/commons-text-1.9.jar:/workspace/m2-repository/commons-io/commons-io/2.11.0/commons-io-2.11.0.jar:/workspace/m2-repository/commons-collections/commons-collections/3.2.2/commons-collections-3.2.2.jar:/workspace/m2-repository/org/apache/commons/commons-collections4/4.4/commons-collections4-4.4.jar:/workspace/m2-repository/com/google/code/findbugs/jsr305/3.0.0/jsr305-3.0.0.jar:/workspace/m2-repository/org/slf4j/slf4j-api/1.7.32/slf4j-api-1.7.32.jar:/workspace/m2-repository/org/slf4j/jul-to-slf4j/1.7.32/jul-to-slf4j-1.7.32.jar:/workspace/m2-repository/org/slf4j/jcl-over-slf4j/1.7.32/jcl-over-slf4j-1.7.32.jar:/workspace/m2-repository/org/apache/logging/log4j/log4j-slf4j-impl/2.17.2/log4j-slf4j-impl-2.17.2.jar:/workspace/m2-repository/org/apache/logging/log4j/log4j-api/2.17.2/log4j-api-2.17.2.jar:/workspace/m2-repository/org/apache/logging/log4j/log4j-core/2.17.2/log4j-core-2.17.2.jar:/workspace/m2-repository/org/apache/logging/log4j/log4j-1.2-api/2.17.2/log4j-1.2-api-2.17.2.jar:/workspace/m2-repository/com/ning/compress-lzf/1.1/compress-lzf-1.1.jar:/workspace/m2-repository/org/xerial/snappy/snappy-java/1.1.8.4/snappy-java-1.1.8.4.jar:/workspace/m2-repository/org/lz4/lz4-java/1.8.0/lz4-java-1.8.0.jar:/workspace/m2-repository/com/github/luben/zstd-jni/1.5.2-1/zstd-jni-1.5.2-1.jar:/workspace/m2-repository/org/roaringbitmap/RoaringBitmap/0.9.25/RoaringBitmap-0.9.25.jar:/workspace/m2-repository/org/roaringbitmap/shims/0.9.25/shims-0.9.25.jar:/workspace/m2-repository/org/scala-lang/modules/scala-xml_2.12/1.2.0/scala-xml_2.12-1.2.0.jar:/workspace/m2-repository/org/scala-lang/scala-library/2.12.15/scala-library-2.12.15.jar:/workspace/m2-repository/org/scala-lang/scala-reflect/2.12.15/scala-reflect-2.12.15.jar:/workspace/m2-repository/org/json4s/json4s-jackson_2.12/3.7.0-M11/json4s-jackson_2.12-3.7.0-M11.jar:/workspace/m2-repository/org/json4s/json4s-core_2.12/3.7.0-M11/json4s-core_2.12-3.7.0-M11.jar:/workspace/m2-repository/org/json4s/json4s-ast_2.12/3.7.0-M11/json4s-ast_2.12-3.7.0-M11.jar:/workspace/m2-repository/org/json4s/json4s-scalap_2.12/3.7.0-M11/json4s-scalap_2.12-3.7.0-M11.jar:/workspace/m2-repository/org/glassfish/jersey/core/jersey-client/2.34/jersey-client-2.34.jar:/workspace/m2-repository/jakarta/ws/rs/jakarta.ws.rs-api/2.1.6/jakarta.ws.rs-api-2.1.6.jar:/workspace/m2-repository/org/glassfish/hk2/external/jakarta.inject/2.6.1/jakarta.inject-2.6.1.jar:/workspace/m2-repository/org/glassfish/jersey/core/jersey-common/2.34/jersey-common-2.34.jar:/workspace/m2-repository/jakarta/annotation/jakarta.annotation-api/1.3.5/jakarta.annotation-api-1.3.5.jar:/workspace/m2-repository/org/glassfish/hk2/osgi-resource-locator/1.0.3/osgi-resource-locator-1.0.3.jar:/workspace/m2-repository/org/glassfish/jersey/core/jersey-server/2.34/jersey-server-2.34.jar:/workspace/m2-repository/jakarta/validation/jakarta.validation-api/2.0.2/jakarta.validation-api-2.0.2.jar:/workspace/m2-repository/org/glassfish/jersey/containers/jersey-container-servlet/2.34/jersey-container-servlet-2.34.jar:/workspace/m2-repository/org/glassfish/jersey/containers/jersey-container-servlet-core/2.34/jersey-container-servlet-core-2.34.jar:/workspace/m2-repository/org/glassfish/jersey/inject/jersey-hk2/2.34/jersey-hk2-2.34.jar:/workspace/m2-repository/org/glassfish/hk2/hk2-locator/2.6.1/hk2-locator-2.6.1.jar:/workspace/m2-repository/org/glassfish/hk2/external/aopalliance-repackaged/2.6.1/aopalliance-repackaged-2.6.1.jar:/workspace/m2-repository/org/glassfish/hk2/hk2-api/2.6.1/hk2-api-2.6.1.jar:/workspace/m2-repository/org/glassfish/hk2/hk2-utils/2.6.1/hk2-utils-2.6.1.jar:/workspace/m2-repository/org/javassist/javassist/3.25.0-GA/javassist-3.25.0-GA.jar:/workspace/m2-repository/io/netty/netty-all/4.1.74.Final/netty-all-4.1.74.Final.jar:/workspace/m2-repository/io/netty/netty-buffer/4.1.74.Final/netty-buffer-4.1.74.Final.jar:/workspace/m2-repository/io/netty/netty-codec/4.1.74.Final/netty-codec-4.1.74.Final.jar:/workspace/m2-repository/io/netty/netty-common/4.1.74.Final/netty-common-4.1.74.Final.jar:/workspace/m2-repository/io/netty/netty-handler/4.1.74.Final/netty-handler-4.1.74.Final.jar:/workspace/m2-repository/io/netty/netty-tcnative-classes/2.0.48.Final/netty-tcnative-classes-2.0.48.Final.jar:/workspace/m2-repository/io/netty/netty-resolver/4.1.74.Final/netty-resolver-4.1.74.Final.jar:/workspace/m2-repository/io/netty/netty-transport/4.1.74.Final/netty-transport-4.1.74.Final.jar:/workspace/m2-repository/io/netty/netty-transport-classes-epoll/4.1.74.Final/netty-transport-classes-epoll-4.1.74.Final.jar:/workspace/m2-repository/io/netty/netty-transport-native-unix-common/4.1.74.Final/netty-transport-native-unix-common-4.1.74.Final.jar:/workspace/m2-repository/io/netty/netty-transport-classes-kqueue/4.1.74.Final/netty-transport-classes-kqueue-4.1.74.Final.jar:/workspace/m2-repository/io/netty/netty-transport-native-epoll/4.1.74.Final/netty-transport-native-epoll-4.1.74.Final-linux-x86_64.jar:/workspace/m2-repository/io/netty/netty-transport-native-epoll/4.1.74.Final/netty-transport-native-epoll-4.1.74.Final-linux-aarch_64.jar:/workspace/m2-repository/io/netty/netty-transport-native-kqueue/4.1.74.Final/netty-transport-native-kqueue-4.1.74.Final-osx-x86_64.jar:/workspace/m2-repository/io/netty/netty-transport-native-kqueue/4.1.74.Final/netty-transport-native-kqueue-4.1.74.Final-osx-aarch_64.jar:/workspace/m2-repository/com/clearspring/analytics/stream/2.9.6/stream-2.9.6.jar:/workspace/m2-repository/io/dropwizard/metrics/metrics-core/4.2.7/metrics-core-4.2.7.jar:/workspace/m2-repository/io/dropwizard/metrics/metrics-jvm/4.2.7/metrics-jvm-4.2.7.jar:/workspace/m2-repository/io/dropwizard/metrics/metrics-json/4.2.7/metrics-json-4.2.7.jar:/workspace/m2-repository/io/dropwizard/metrics/metrics-graphite/4.2.7/metrics-graphite-4.2.7.jar:/workspace/m2-repository/io/dropwizard/metrics/metrics-jmx/4.2.7/metrics-jmx-4.2.7.jar:/workspace/m2-repository/com/fasterxml/jackson/core/jackson-databind/2.13.3/jackson-databind-2.13.3.jar:/workspace/m2-repository/com/fasterxml/jackson/module/jackson-module-scala_2.12/2.13.3/jackson-module-scala_2.12-2.13.3.jar:/workspace/m2-repository/com/thoughtworks/paranamer/paranamer/2.8/paranamer-2.8.jar:/workspace/m2-repository/org/apache/ivy/ivy/2.5.0/ivy-2.5.0.jar:/workspace/m2-repository/oro/oro/2.0.8/oro-2.0.8.jar:/workspace/m2-repository/net/razorvine/pickle/1.2/pickle-1.2.jar:/workspace/m2-repository/net/sf/py4j/py4j/0.10.9.5/py4j-0.10.9.5.jar:/workspace/m2-repository/org/apache/spark/spark-tags_2.12/3.3.0/spark-tags_2.12-3.3.0.jar:/workspace/m2-repository/org/apache/commons/commons-crypto/1.1.0/commons-crypto-1.1.0.jar:/workspace/m2-repository/org/spark-project/spark/unused/1.0.0/unused-1.0.0.jar:/workspace/m2-repository/org/apache/spark/spark-sql_2.12/3.3.0/spark-sql_2.12-3.3.0.jar:/workspace/m2-repository/org/rocksdb/rocksdbjni/6.20.3/rocksdbjni-6.20.3.jar:/workspace/m2-repository/com/univocity/univocity-parsers/2.9.1/univocity-parsers-2.9.1.jar:/workspace/m2-repository/org/apache/spark/spark-sketch_2.12/3.3.0/spark-sketch_2.12-3.3.0.jar:/workspace/m2-repository/org/apache/spark/spark-catalyst_2.12/3.3.0/spark-catalyst_2.12-3.3.0.jar:/workspace/m2-repository/org/scala-lang/modules/scala-parser-combinators_2.12/1.1.2/scala-parser-combinators_2.12-1.1.2.jar:/workspace/m2-repository/org/codehaus/janino/janino/3.0.16/janino-3.0.16.jar:/workspace/m2-repository/org/codehaus/janino/commons-compiler/3.0.16/commons-compiler-3.0.16.jar:/workspace/m2-repository/org/antlr/antlr4-runtime/4.8/antlr4-runtime-4.8.jar:/workspace/m2-repository/org/apache/arrow/arrow-vector/7.0.0/arrow-vector-7.0.0.jar:/workspace/m2-repository/org/apache/arrow/arrow-format/7.0.0/arrow-format-7.0.0.jar:/workspace/m2-repository/org/apache/arrow/arrow-memory-core/7.0.0/arrow-memory-core-7.0.0.jar:/workspace/m2-repository/com/google/flatbuffers/flatbuffers-java/1.12.0/flatbuffers-java-1.12.0.jar:/workspace/m2-repository/org/apache/arrow/arrow-memory-netty/7.0.0/arrow-memory-netty-7.0.0.jar:/workspace/m2-repository/org/apache/orc/orc-core/1.7.4/orc-core-1.7.4.jar:/workspace/m2-repository/org/apache/orc/orc-shims/1.7.4/orc-shims-1.7.4.jar:/workspace/m2-repository/com/google/protobuf/protobuf-java/2.5.0/protobuf-java-2.5.0.jar:/workspace/m2-repository/io/airlift/aircompressor/0.21/aircompressor-0.21.jar:/workspace/m2-repository/org/jetbrains/annotations/17.0.0/annotations-17.0.0.jar:/workspace/m2-repository/org/threeten/threeten-extra/1.5.0/threeten-extra-1.5.0.jar:/workspace/m2-repository/org/apache/orc/orc-mapreduce/1.7.4/orc-mapreduce-1.7.4.jar:/workspace/m2-repository/org/apache/hive/hive-storage-api/2.7.2/hive-storage-api-2.7.2.jar:/workspace/m2-repository/org/apache/parquet/parquet-column/1.12.2/parquet-column-1.12.2.jar:/workspace/m2-repository/org/apache/parquet/parquet-common/1.12.2/parquet-common-1.12.2.jar:/workspace/m2-repository/org/apache/parquet/parquet-encoding/1.12.2/parquet-encoding-1.12.2.jar:/workspace/m2-repository/org/apache/parquet/parquet-hadoop/1.12.2/parquet-hadoop-1.12.2.jar:/workspace/m2-repository/org/apache/parquet/parquet-format-structures/1.12.2/parquet-format-structures-1.12.2.jar:/workspace/m2-repository/org/apache/parquet/parquet-jackson/1.12.2/parquet-jackson-1.12.2.jar:/workspace/m2-repository/org/apache/hbase/connectors/spark/hbase-spark/1.0.1-SNAPSHOT/hbase-spark-1.0.1-SNAPSHOT.jar:/workspace/m2-repository/org/slf4j/slf4j-log4j12/1.7.25/slf4j-log4j12-1.7.25.jar:/workspace/m2-repository/log4j/log4j/1.2.17/log4j-1.2.17.jar:/workspace/m2-repository/org/apache/hbase/thirdparty/hbase-shaded-miscellaneous/4.0.1/hbase-shaded-miscellaneous-4.0.1.jar:/workspace/m2-repository/com/google/errorprone/error_prone_annotations/2.7.1/error_prone_annotations-2.7.1.jar:/workspace/m2-repository/org/apache/hbase/hbase-shaded-client/2.4.9/hbase-shaded-client-2.4.9.jar:/workspace/m2-repository/org/apache/htrace/htrace-core4/4.2.0-incubating/htrace-core4-4.2.0-incubating.jar:/workspace/m2-repository/org/apache/hbase/connectors/spark/hbase-spark-protocol-shaded/1.0.1-SNAPSHOT/hbase-spark-protocol-shaded-1.0.1-SNAPSHOT.jar:/workspace/m2-repository/org/apache/hbase/thirdparty/hbase-shaded-protobuf/4.0.1/hbase-shaded-protobuf-4.0.1.jar:/workspace/m2-repository/org/apache/yetus/audience-annotations/0.5.0/audience-annotations-0.5.0.jar:/workspace/m2-repository/org/apache/hbase/hbase-shaded-mapreduce/2.4.9/hbase-shaded-mapreduce-2.4.9.jar:/workspace/m2-repository/org/apache/hadoop/hadoop-distcp/2.10.0/hadoop-distcp-2.10.0.jar:/workspace/m2-repository/org/apache/hadoop/hadoop-annotations/2.10.0/hadoop-annotations-2.10.0.jar:/workspace/m2-repository/org/apache/hadoop/hadoop-client/3.3.3/hadoop-client-3.3.3.jar:/workspace/m2-repository/org/apache/hadoop/hadoop-hdfs-client/3.3.3/hadoop-hdfs-client-3.3.3.jar:/workspace/m2-repository/com/squareup/okhttp/okhttp/2.7.5/okhttp-2.7.5.jar:/workspace/m2-repository/com/squareup/okio/okio/1.6.0/okio-1.6.0.jar:/workspace/m2-repository/org/apache/hadoop/hadoop-yarn-api/3.3.3/hadoop-yarn-api-3.3.3.jar:/workspace/m2-repository/javax/xml/bind/jaxb-api/2.2.11/jaxb-api-2.2.11.jar:/workspace/m2-repository/javax/ws/rs/javax.ws.rs-api/2.1.1/javax.ws.rs-api-2.1.1.jar:/workspace/m2-repository/org/apache/hadoop/hadoop-yarn-client/3.3.3/hadoop-yarn-client-3.3.3.jar:/workspace/m2-repository/org/eclipse/jetty/websocket/websocket-client/9.4.43.v20210629/websocket-client-9.4.43.v20210629.jar:/workspace/m2-repository/org/eclipse/jetty/jetty-client/9.4.43.v20210629/jetty-client-9.4.43.v20210629.jar:/workspace/m2-repository/org/eclipse/jetty/websocket/websocket-common/9.4.43.v20210629/websocket-common-9.4.43.v20210629.jar:/workspace/m2-repository/org/eclipse/jetty/websocket/websocket-api/9.4.43.v20210629/websocket-api-9.4.43.v20210629.jar:/workspace/m2-repository/org/jline/jline/3.9.0/jline-3.9.0.jar:/workspace/m2-repository/org/apache/hadoop/hadoop-mapreduce-client-core/3.3.3/hadoop-mapreduce-client-core-3.3.3.jar:/workspace/m2-repository/org/apache/hadoop/hadoop-yarn-common/3.3.3/hadoop-yarn-common-3.3.3.jar:/workspace/m2-repository/com/sun/jersey/jersey-client/1.19/jersey-client-1.19.jar:/workspace/m2-repository/com/fasterxml/jackson/module/jackson-module-jaxb-annotations/2.13.2/jackson-module-jaxb-annotations-2.13.2.jar:/workspace/m2-repository/jakarta/xml/bind/jakarta.xml.bind-api/2.3.3/jakarta.xml.bind-api-2.3.3.jar:/workspace/m2-repository/com/fasterxml/jackson/jaxrs/jackson-jaxrs-json-provider/2.13.2/jackson-jaxrs-json-provider-2.13.2.jar:/workspace/m2-repository/com/fasterxml/jackson/jaxrs/jackson-jaxrs-base/2.13.2/jackson-jaxrs-base-2.13.2.jar:/workspace/m2-repository/org/apache/hadoop/hadoop-mapreduce-client-jobclient/3.3.3/hadoop-mapreduce-client-jobclient-3.3.3.jar:/workspace/m2-repository/org/apache/hadoop/hadoop-mapreduce-client-common/3.3.3/hadoop-mapreduce-client-common-3.3.3.jar:/workspace/m2-repository/org/apache/hadoop/hadoop-common/3.3.3/hadoop-common-3.3.3.jar:/workspace/m2-repository/org/apache/hadoop/thirdparty/hadoop-shaded-protobuf_3_7/1.1.1/hadoop-shaded-protobuf_3_7-1.1.1.jar:/workspace/m2-repository/org/apache/hadoop/thirdparty/hadoop-shaded-guava/1.1.1/hadoop-shaded-guava-1.1.1.jar:/workspace/m2-repository/com/google/guava/guava/27.0-jre/guava-27.0-jre.jar:/workspace/m2-repository/com/google/guava/failureaccess/1.0/failureaccess-1.0.jar:/workspace/m2-repository/com/google/guava/listenablefuture/9999.0-empty-to-avoid-conflict-with-guava/listenablefuture-9999.0-empty-to-avoid-conflict-with-guava.jar:/workspace/m2-repository/org/checkerframework/checker-qual/2.5.2/checker-qual-2.5.2.jar:/workspace/m2-repository/com/google/j2objc/j2objc-annotations/1.1/j2objc-annotations-1.1.jar:/workspace/m2-repository/org/codehaus/mojo/animal-sniffer-annotations/1.17/animal-sniffer-annotations-1.17.jar:/workspace/m2-repository/commons-cli/commons-cli/1.2/commons-cli-1.2.jar:/workspace/m2-repository/org/apache/httpcomponents/httpclient/4.5.13/httpclient-4.5.13.jar:/workspace/m2-repository/org/apache/httpcomponents/httpcore/4.4.13/httpcore-4.4.13.jar:/workspace/m2-repository/commons-net/commons-net/3.6/commons-net-3.6.jar:/workspace/m2-repository/javax/servlet/javax.servlet-api/3.1.0/javax.servlet-api-3.1.0.jar:/workspace/m2-repository/jakarta/activation/jakarta.activation-api/1.2.1/jakarta.activation-api-1.2.1.jar:/workspace/m2-repository/org/eclipse/jetty/jetty-server/9.4.43.v20210629/jetty-server-9.4.43.v20210629.jar:/workspace/m2-repository/org/eclipse/jetty/jetty-http/9.4.43.v20210629/jetty-http-9.4.43.v20210629.jar:/workspace/m2-repository/org/eclipse/jetty/jetty-io/9.4.43.v20210629/jetty-io-9.4.43.v20210629.jar:/workspace/m2-repository/org/eclipse/jetty/jetty-util/9.4.43.v20210629/jetty-util-9.4.43.v20210629.jar:/workspace/m2-repository/org/eclipse/jetty/jetty-servlet/9.4.43.v20210629/jetty-servlet-9.4.43.v20210629.jar:/workspace/m2-repository/org/eclipse/jetty/jetty-security/9.4.43.v20210629/jetty-security-9.4.43.v20210629.jar:/workspace/m2-repository/org/eclipse/jetty/jetty-util-ajax/9.4.43.v20210629/jetty-util-ajax-9.4.43.v20210629.jar:/workspace/m2-repository/org/eclipse/jetty/jetty-webapp/9.4.43.v20210629/jetty-webapp-9.4.43.v20210629.jar:/workspace/m2-repository/org/eclipse/jetty/jetty-xml/9.4.43.v20210629/jetty-xml-9.4.43.v20210629.jar:/workspace/m2-repository/javax/servlet/jsp/jsp-api/2.1/jsp-api-2.1.jar:/workspace/m2-repository/com/sun/jersey/jersey-core/1.19/jersey-core-1.19.jar:/workspace/m2-repository/javax/ws/rs/jsr311-api/1.1.1/jsr311-api-1.1.1.jar:/workspace/m2-repository/com/sun/jersey/jersey-servlet/1.19/jersey-servlet-1.19.jar:/workspace/m2-repository/com/sun/jersey/jersey-json/1.19/jersey-json-1.19.jar:/workspace/m2-repository/org/codehaus/jettison/jettison/1.1/jettison-1.1.jar:/workspace/m2-repository/com/sun/xml/bind/jaxb-impl/2.2.3-1/jaxb-impl-2.2.3-1.jar:/workspace/m2-repository/org/codehaus/jackson/jackson-core-asl/1.9.2/jackson-core-asl-1.9.2.jar:/workspace/m2-repository/org/codehaus/jackson/jackson-mapper-asl/1.9.2/jackson-mapper-asl-1.9.2.jar:/workspace/m2-repository/org/codehaus/jackson/jackson-jaxrs/1.9.2/jackson-jaxrs-1.9.2.jar:/workspace/m2-repository/org/codehaus/jackson/jackson-xc/1.9.2/jackson-xc-1.9.2.jar:/workspace/m2-repository/com/sun/jersey/jersey-server/1.19/jersey-server-1.19.jar:/workspace/m2-repository/ch/qos/reload4j/reload4j/1.2.18.3/reload4j-1.2.18.3.jar:/workspace/m2-repository/commons-beanutils/commons-beanutils/1.9.4/commons-beanutils-1.9.4.jar:/workspace/m2-repository/org/apache/commons/commons-configuration2/2.1.1/commons-configuration2-2.1.1.jar:/workspace/m2-repository/org/slf4j/slf4j-reload4j/1.7.36/slf4j-reload4j-1.7.36.jar:/workspace/m2-repository/com/google/re2j/re2j/1.1/re2j-1.1.jar:/workspace/m2-repository/com/google/code/gson/gson/2.8.9/gson-2.8.9.jar:/workspace/m2-repository/org/apache/hadoop/hadoop-auth/3.3.3/hadoop-auth-3.3.3.jar:/workspace/m2-repository/com/nimbusds/nimbus-jose-jwt/9.8.1/nimbus-jose-jwt-9.8.1.jar:/workspace/m2-repository/com/github/stephenc/jcip/jcip-annotations/1.0-1/jcip-annotations-1.0-1.jar:/workspace/m2-repository/net/minidev/json-smart/2.4.7/json-smart-2.4.7.jar:/workspace/m2-repository/net/minidev/accessors-smart/2.4.7/accessors-smart-2.4.7.jar:/workspace/m2-repository/org/ow2/asm/asm/9.1/asm-9.1.jar:/workspace/m2-repository/org/apache/kerby/kerb-simplekdc/1.0.1/kerb-simplekdc-1.0.1.jar:/workspace/m2-repository/org/apache/kerby/kerb-client/1.0.1/kerb-client-1.0.1.jar:/workspace/m2-repository/org/apache/kerby/kerby-config/1.0.1/kerby-config-1.0.1.jar:/workspace/m2-repository/org/apache/kerby/kerb-common/1.0.1/kerb-common-1.0.1.jar:/workspace/m2-repository/org/apache/kerby/kerb-crypto/1.0.1/kerb-crypto-1.0.1.jar:/workspace/m2-repository/org/apache/kerby/kerb-util/1.0.1/kerb-util-1.0.1.jar:/workspace/m2-repository/org/apache/kerby/token-provider/1.0.1/token-provider-1.0.1.jar:/workspace/m2-repository/org/apache/kerby/kerb-admin/1.0.1/kerb-admin-1.0.1.jar:/workspace/m2-repository/org/apache/kerby/kerb-server/1.0.1/kerb-server-1.0.1.jar:/workspace/m2-repository/org/apache/kerby/kerb-identity/1.0.1/kerb-identity-1.0.1.jar:/workspace/m2-repository/org/apache/kerby/kerby-xdr/1.0.1/kerby-xdr-1.0.1.jar:/workspace/m2-repository/com/jcraft/jsch/0.1.55/jsch-0.1.55.jar:/workspace/m2-repository/org/apache/curator/curator-client/4.2.0/curator-client-4.2.0.jar:/workspace/m2-repository/org/apache/kerby/kerb-core/1.0.1/kerb-core-1.0.1.jar:/workspace/m2-repository/org/apache/kerby/kerby-pkix/1.0.1/kerby-pkix-1.0.1.jar:/workspace/m2-repository/org/apache/kerby/kerby-asn1/1.0.1/kerby-asn1-1.0.1.jar:/workspace/m2-repository/org/apache/kerby/kerby-util/1.0.1/kerby-util-1.0.1.jar:/workspace/m2-repository/org/codehaus/woodstox/stax2-api/4.2.1/stax2-api-4.2.1.jar:/workspace/m2-repository/com/fasterxml/woodstox/woodstox-core/5.3.0/woodstox-core-5.3.0.jar:/workspace/m2-repository/dnsjava/dnsjava/2.1.7/dnsjava-2.1.7.jar:"/>
    <property name="java.vm.vendor" value="Azul Systems, Inc."/>
    <property name="sun.arch.data.model" value="64"/>
    <property name="java.vendor.url" value="http://www.azul.com/"/>
    <property name="user.timezone" value=""/>
    <property name="java.vm.specification.version" value="11"/>
    <property name="os.name" value="Linux"/>
    <property name="sun.java.launcher" value="SUN_STANDARD"/>
    <property name="user.country" value="US"/>
    <property name="sun.boot.library.path" value="/home/gitpod/.sdkman/candidates/java/11.0.15.fx-zulu/lib"/>
    <property name="sun.java.command" value="/workspace/hadoop/demo/target/surefire/surefirebooter12178354977065596035.jar /workspace/hadoop/demo/target/surefire 2022-07-01T09-39-55_060-jvmRun1 surefire6469203676501068045tmp surefire_03934294497085390478tmp"/>
    <property name="jdk.debug" value="release"/>
    <property name="surefire.test.class.path" value="/workspace/hadoop/demo/target/test-classes:/workspace/hadoop/demo/target/classes:/workspace/m2-repository/junit/junit/4.11/junit-4.11.jar:/workspace/m2-repository/org/hamcrest/hamcrest-core/1.3/hamcrest-core-1.3.jar:/workspace/m2-repository/org/apache/spark/spark-core_2.12/3.3.0/spark-core_2.12-3.3.0.jar:/workspace/m2-repository/org/apache/avro/avro/1.11.0/avro-1.11.0.jar:/workspace/m2-repository/com/fasterxml/jackson/core/jackson-core/2.12.5/jackson-core-2.12.5.jar:/workspace/m2-repository/org/apache/commons/commons-compress/1.21/commons-compress-1.21.jar:/workspace/m2-repository/org/apache/avro/avro-mapred/1.11.0/avro-mapred-1.11.0.jar:/workspace/m2-repository/org/apache/avro/avro-ipc/1.11.0/avro-ipc-1.11.0.jar:/workspace/m2-repository/org/tukaani/xz/1.9/xz-1.9.jar:/workspace/m2-repository/com/twitter/chill_2.12/0.10.0/chill_2.12-0.10.0.jar:/workspace/m2-repository/com/esotericsoftware/kryo-shaded/4.0.2/kryo-shaded-4.0.2.jar:/workspace/m2-repository/com/esotericsoftware/minlog/1.3.0/minlog-1.3.0.jar:/workspace/m2-repository/org/objenesis/objenesis/2.5.1/objenesis-2.5.1.jar:/workspace/m2-repository/com/twitter/chill-java/0.10.0/chill-java-0.10.0.jar:/workspace/m2-repository/org/apache/xbean/xbean-asm9-shaded/4.20/xbean-asm9-shaded-4.20.jar:/workspace/m2-repository/org/apache/hadoop/hadoop-client-api/3.3.2/hadoop-client-api-3.3.2.jar:/workspace/m2-repository/org/apache/hadoop/hadoop-client-runtime/3.3.2/hadoop-client-runtime-3.3.2.jar:/workspace/m2-repository/commons-logging/commons-logging/1.1.3/commons-logging-1.1.3.jar:/workspace/m2-repository/org/apache/spark/spark-launcher_2.12/3.3.0/spark-launcher_2.12-3.3.0.jar:/workspace/m2-repository/org/apache/spark/spark-kvstore_2.12/3.3.0/spark-kvstore_2.12-3.3.0.jar:/workspace/m2-repository/org/fusesource/leveldbjni/leveldbjni-all/1.8/leveldbjni-all-1.8.jar:/workspace/m2-repository/com/fasterxml/jackson/core/jackson-annotations/2.13.3/jackson-annotations-2.13.3.jar:/workspace/m2-repository/org/apache/spark/spark-network-common_2.12/3.3.0/spark-network-common_2.12-3.3.0.jar:/workspace/m2-repository/com/google/crypto/tink/tink/1.6.1/tink-1.6.1.jar:/workspace/m2-repository/org/apache/spark/spark-network-shuffle_2.12/3.3.0/spark-network-shuffle_2.12-3.3.0.jar:/workspace/m2-repository/org/apache/spark/spark-unsafe_2.12/3.3.0/spark-unsafe_2.12-3.3.0.jar:/workspace/m2-repository/javax/activation/activation/1.1.1/activation-1.1.1.jar:/workspace/m2-repository/org/apache/curator/curator-recipes/2.13.0/curator-recipes-2.13.0.jar:/workspace/m2-repository/org/apache/curator/curator-framework/2.13.0/curator-framework-2.13.0.jar:/workspace/m2-repository/org/apache/zookeeper/zookeeper/3.6.2/zookeeper-3.6.2.jar:/workspace/m2-repository/commons-lang/commons-lang/2.6/commons-lang-2.6.jar:/workspace/m2-repository/org/apache/zookeeper/zookeeper-jute/3.6.2/zookeeper-jute-3.6.2.jar:/workspace/m2-repository/jakarta/servlet/jakarta.servlet-api/4.0.3/jakarta.servlet-api-4.0.3.jar:/workspace/m2-repository/commons-codec/commons-codec/1.15/commons-codec-1.15.jar:/workspace/m2-repository/org/apache/commons/commons-lang3/3.12.0/commons-lang3-3.12.0.jar:/workspace/m2-repository/org/apache/commons/commons-math3/3.6.1/commons-math3-3.6.1.jar:/workspace/m2-repository/org/apache/commons/commons-text/1.9/commons-text-1.9.jar:/workspace/m2-repository/commons-io/commons-io/2.11.0/commons-io-2.11.0.jar:/workspace/m2-repository/commons-collections/commons-collections/3.2.2/commons-collections-3.2.2.jar:/workspace/m2-repository/org/apache/commons/commons-collections4/4.4/commons-collections4-4.4.jar:/workspace/m2-repository/com/google/code/findbugs/jsr305/3.0.0/jsr305-3.0.0.jar:/workspace/m2-repository/org/slf4j/slf4j-api/1.7.32/slf4j-api-1.7.32.jar:/workspace/m2-repository/org/slf4j/jul-to-slf4j/1.7.32/jul-to-slf4j-1.7.32.jar:/workspace/m2-repository/org/slf4j/jcl-over-slf4j/1.7.32/jcl-over-slf4j-1.7.32.jar:/workspace/m2-repository/org/apache/logging/log4j/log4j-slf4j-impl/2.17.2/log4j-slf4j-impl-2.17.2.jar:/workspace/m2-repository/org/apache/logging/log4j/log4j-api/2.17.2/log4j-api-2.17.2.jar:/workspace/m2-repository/org/apache/logging/log4j/log4j-core/2.17.2/log4j-core-2.17.2.jar:/workspace/m2-repository/org/apache/logging/log4j/log4j-1.2-api/2.17.2/log4j-1.2-api-2.17.2.jar:/workspace/m2-repository/com/ning/compress-lzf/1.1/compress-lzf-1.1.jar:/workspace/m2-repository/org/xerial/snappy/snappy-java/1.1.8.4/snappy-java-1.1.8.4.jar:/workspace/m2-repository/org/lz4/lz4-java/1.8.0/lz4-java-1.8.0.jar:/workspace/m2-repository/com/github/luben/zstd-jni/1.5.2-1/zstd-jni-1.5.2-1.jar:/workspace/m2-repository/org/roaringbitmap/RoaringBitmap/0.9.25/RoaringBitmap-0.9.25.jar:/workspace/m2-repository/org/roaringbitmap/shims/0.9.25/shims-0.9.25.jar:/workspace/m2-repository/org/scala-lang/modules/scala-xml_2.12/1.2.0/scala-xml_2.12-1.2.0.jar:/workspace/m2-repository/org/scala-lang/scala-library/2.12.15/scala-library-2.12.15.jar:/workspace/m2-repository/org/scala-lang/scala-reflect/2.12.15/scala-reflect-2.12.15.jar:/workspace/m2-repository/org/json4s/json4s-jackson_2.12/3.7.0-M11/json4s-jackson_2.12-3.7.0-M11.jar:/workspace/m2-repository/org/json4s/json4s-core_2.12/3.7.0-M11/json4s-core_2.12-3.7.0-M11.jar:/workspace/m2-repository/org/json4s/json4s-ast_2.12/3.7.0-M11/json4s-ast_2.12-3.7.0-M11.jar:/workspace/m2-repository/org/json4s/json4s-scalap_2.12/3.7.0-M11/json4s-scalap_2.12-3.7.0-M11.jar:/workspace/m2-repository/org/glassfish/jersey/core/jersey-client/2.34/jersey-client-2.34.jar:/workspace/m2-repository/jakarta/ws/rs/jakarta.ws.rs-api/2.1.6/jakarta.ws.rs-api-2.1.6.jar:/workspace/m2-repository/org/glassfish/hk2/external/jakarta.inject/2.6.1/jakarta.inject-2.6.1.jar:/workspace/m2-repository/org/glassfish/jersey/core/jersey-common/2.34/jersey-common-2.34.jar:/workspace/m2-repository/jakarta/annotation/jakarta.annotation-api/1.3.5/jakarta.annotation-api-1.3.5.jar:/workspace/m2-repository/org/glassfish/hk2/osgi-resource-locator/1.0.3/osgi-resource-locator-1.0.3.jar:/workspace/m2-repository/org/glassfish/jersey/core/jersey-server/2.34/jersey-server-2.34.jar:/workspace/m2-repository/jakarta/validation/jakarta.validation-api/2.0.2/jakarta.validation-api-2.0.2.jar:/workspace/m2-repository/org/glassfish/jersey/containers/jersey-container-servlet/2.34/jersey-container-servlet-2.34.jar:/workspace/m2-repository/org/glassfish/jersey/containers/jersey-container-servlet-core/2.34/jersey-container-servlet-core-2.34.jar:/workspace/m2-repository/org/glassfish/jersey/inject/jersey-hk2/2.34/jersey-hk2-2.34.jar:/workspace/m2-repository/org/glassfish/hk2/hk2-locator/2.6.1/hk2-locator-2.6.1.jar:/workspace/m2-repository/org/glassfish/hk2/external/aopalliance-repackaged/2.6.1/aopalliance-repackaged-2.6.1.jar:/workspace/m2-repository/org/glassfish/hk2/hk2-api/2.6.1/hk2-api-2.6.1.jar:/workspace/m2-repository/org/glassfish/hk2/hk2-utils/2.6.1/hk2-utils-2.6.1.jar:/workspace/m2-repository/org/javassist/javassist/3.25.0-GA/javassist-3.25.0-GA.jar:/workspace/m2-repository/io/netty/netty-all/4.1.74.Final/netty-all-4.1.74.Final.jar:/workspace/m2-repository/io/netty/netty-buffer/4.1.74.Final/netty-buffer-4.1.74.Final.jar:/workspace/m2-repository/io/netty/netty-codec/4.1.74.Final/netty-codec-4.1.74.Final.jar:/workspace/m2-repository/io/netty/netty-common/4.1.74.Final/netty-common-4.1.74.Final.jar:/workspace/m2-repository/io/netty/netty-handler/4.1.74.Final/netty-handler-4.1.74.Final.jar:/workspace/m2-repository/io/netty/netty-tcnative-classes/2.0.48.Final/netty-tcnative-classes-2.0.48.Final.jar:/workspace/m2-repository/io/netty/netty-resolver/4.1.74.Final/netty-resolver-4.1.74.Final.jar:/workspace/m2-repository/io/netty/netty-transport/4.1.74.Final/netty-transport-4.1.74.Final.jar:/workspace/m2-repository/io/netty/netty-transport-classes-epoll/4.1.74.Final/netty-transport-classes-epoll-4.1.74.Final.jar:/workspace/m2-repository/io/netty/netty-transport-native-unix-common/4.1.74.Final/netty-transport-native-unix-common-4.1.74.Final.jar:/workspace/m2-repository/io/netty/netty-transport-classes-kqueue/4.1.74.Final/netty-transport-classes-kqueue-4.1.74.Final.jar:/workspace/m2-repository/io/netty/netty-transport-native-epoll/4.1.74.Final/netty-transport-native-epoll-4.1.74.Final-linux-x86_64.jar:/workspace/m2-repository/io/netty/netty-transport-native-epoll/4.1.74.Final/netty-transport-native-epoll-4.1.74.Final-linux-aarch_64.jar:/workspace/m2-repository/io/netty/netty-transport-native-kqueue/4.1.74.Final/netty-transport-native-kqueue-4.1.74.Final-osx-x86_64.jar:/workspace/m2-repository/io/netty/netty-transport-native-kqueue/4.1.74.Final/netty-transport-native-kqueue-4.1.74.Final-osx-aarch_64.jar:/workspace/m2-repository/com/clearspring/analytics/stream/2.9.6/stream-2.9.6.jar:/workspace/m2-repository/io/dropwizard/metrics/metrics-core/4.2.7/metrics-core-4.2.7.jar:/workspace/m2-repository/io/dropwizard/metrics/metrics-jvm/4.2.7/metrics-jvm-4.2.7.jar:/workspace/m2-repository/io/dropwizard/metrics/metrics-json/4.2.7/metrics-json-4.2.7.jar:/workspace/m2-repository/io/dropwizard/metrics/metrics-graphite/4.2.7/metrics-graphite-4.2.7.jar:/workspace/m2-repository/io/dropwizard/metrics/metrics-jmx/4.2.7/metrics-jmx-4.2.7.jar:/workspace/m2-repository/com/fasterxml/jackson/core/jackson-databind/2.13.3/jackson-databind-2.13.3.jar:/workspace/m2-repository/com/fasterxml/jackson/module/jackson-module-scala_2.12/2.13.3/jackson-module-scala_2.12-2.13.3.jar:/workspace/m2-repository/com/thoughtworks/paranamer/paranamer/2.8/paranamer-2.8.jar:/workspace/m2-repository/org/apache/ivy/ivy/2.5.0/ivy-2.5.0.jar:/workspace/m2-repository/oro/oro/2.0.8/oro-2.0.8.jar:/workspace/m2-repository/net/razorvine/pickle/1.2/pickle-1.2.jar:/workspace/m2-repository/net/sf/py4j/py4j/0.10.9.5/py4j-0.10.9.5.jar:/workspace/m2-repository/org/apache/spark/spark-tags_2.12/3.3.0/spark-tags_2.12-3.3.0.jar:/workspace/m2-repository/org/apache/commons/commons-crypto/1.1.0/commons-crypto-1.1.0.jar:/workspace/m2-repository/org/spark-project/spark/unused/1.0.0/unused-1.0.0.jar:/workspace/m2-repository/org/apache/spark/spark-sql_2.12/3.3.0/spark-sql_2.12-3.3.0.jar:/workspace/m2-repository/org/rocksdb/rocksdbjni/6.20.3/rocksdbjni-6.20.3.jar:/workspace/m2-repository/com/univocity/univocity-parsers/2.9.1/univocity-parsers-2.9.1.jar:/workspace/m2-repository/org/apache/spark/spark-sketch_2.12/3.3.0/spark-sketch_2.12-3.3.0.jar:/workspace/m2-repository/org/apache/spark/spark-catalyst_2.12/3.3.0/spark-catalyst_2.12-3.3.0.jar:/workspace/m2-repository/org/scala-lang/modules/scala-parser-combinators_2.12/1.1.2/scala-parser-combinators_2.12-1.1.2.jar:/workspace/m2-repository/org/codehaus/janino/janino/3.0.16/janino-3.0.16.jar:/workspace/m2-repository/org/codehaus/janino/commons-compiler/3.0.16/commons-compiler-3.0.16.jar:/workspace/m2-repository/org/antlr/antlr4-runtime/4.8/antlr4-runtime-4.8.jar:/workspace/m2-repository/org/apache/arrow/arrow-vector/7.0.0/arrow-vector-7.0.0.jar:/workspace/m2-repository/org/apache/arrow/arrow-format/7.0.0/arrow-format-7.0.0.jar:/workspace/m2-repository/org/apache/arrow/arrow-memory-core/7.0.0/arrow-memory-core-7.0.0.jar:/workspace/m2-repository/com/google/flatbuffers/flatbuffers-java/1.12.0/flatbuffers-java-1.12.0.jar:/workspace/m2-repository/org/apache/arrow/arrow-memory-netty/7.0.0/arrow-memory-netty-7.0.0.jar:/workspace/m2-repository/org/apache/orc/orc-core/1.7.4/orc-core-1.7.4.jar:/workspace/m2-repository/org/apache/orc/orc-shims/1.7.4/orc-shims-1.7.4.jar:/workspace/m2-repository/com/google/protobuf/protobuf-java/2.5.0/protobuf-java-2.5.0.jar:/workspace/m2-repository/io/airlift/aircompressor/0.21/aircompressor-0.21.jar:/workspace/m2-repository/org/jetbrains/annotations/17.0.0/annotations-17.0.0.jar:/workspace/m2-repository/org/threeten/threeten-extra/1.5.0/threeten-extra-1.5.0.jar:/workspace/m2-repository/org/apache/orc/orc-mapreduce/1.7.4/orc-mapreduce-1.7.4.jar:/workspace/m2-repository/org/apache/hive/hive-storage-api/2.7.2/hive-storage-api-2.7.2.jar:/workspace/m2-repository/org/apache/parquet/parquet-column/1.12.2/parquet-column-1.12.2.jar:/workspace/m2-repository/org/apache/parquet/parquet-common/1.12.2/parquet-common-1.12.2.jar:/workspace/m2-repository/org/apache/parquet/parquet-encoding/1.12.2/parquet-encoding-1.12.2.jar:/workspace/m2-repository/org/apache/parquet/parquet-hadoop/1.12.2/parquet-hadoop-1.12.2.jar:/workspace/m2-repository/org/apache/parquet/parquet-format-structures/1.12.2/parquet-format-structures-1.12.2.jar:/workspace/m2-repository/org/apache/parquet/parquet-jackson/1.12.2/parquet-jackson-1.12.2.jar:/workspace/m2-repository/org/apache/hbase/connectors/spark/hbase-spark/1.0.1-SNAPSHOT/hbase-spark-1.0.1-SNAPSHOT.jar:/workspace/m2-repository/org/slf4j/slf4j-log4j12/1.7.25/slf4j-log4j12-1.7.25.jar:/workspace/m2-repository/log4j/log4j/1.2.17/log4j-1.2.17.jar:/workspace/m2-repository/org/apache/hbase/thirdparty/hbase-shaded-miscellaneous/4.0.1/hbase-shaded-miscellaneous-4.0.1.jar:/workspace/m2-repository/com/google/errorprone/error_prone_annotations/2.7.1/error_prone_annotations-2.7.1.jar:/workspace/m2-repository/org/apache/hbase/hbase-shaded-client/2.4.9/hbase-shaded-client-2.4.9.jar:/workspace/m2-repository/org/apache/htrace/htrace-core4/4.2.0-incubating/htrace-core4-4.2.0-incubating.jar:/workspace/m2-repository/org/apache/hbase/connectors/spark/hbase-spark-protocol-shaded/1.0.1-SNAPSHOT/hbase-spark-protocol-shaded-1.0.1-SNAPSHOT.jar:/workspace/m2-repository/org/apache/hbase/thirdparty/hbase-shaded-protobuf/4.0.1/hbase-shaded-protobuf-4.0.1.jar:/workspace/m2-repository/org/apache/yetus/audience-annotations/0.5.0/audience-annotations-0.5.0.jar:/workspace/m2-repository/org/apache/hbase/hbase-shaded-mapreduce/2.4.9/hbase-shaded-mapreduce-2.4.9.jar:/workspace/m2-repository/org/apache/hadoop/hadoop-distcp/2.10.0/hadoop-distcp-2.10.0.jar:/workspace/m2-repository/org/apache/hadoop/hadoop-annotations/2.10.0/hadoop-annotations-2.10.0.jar:/workspace/m2-repository/org/apache/hadoop/hadoop-client/3.3.3/hadoop-client-3.3.3.jar:/workspace/m2-repository/org/apache/hadoop/hadoop-hdfs-client/3.3.3/hadoop-hdfs-client-3.3.3.jar:/workspace/m2-repository/com/squareup/okhttp/okhttp/2.7.5/okhttp-2.7.5.jar:/workspace/m2-repository/com/squareup/okio/okio/1.6.0/okio-1.6.0.jar:/workspace/m2-repository/org/apache/hadoop/hadoop-yarn-api/3.3.3/hadoop-yarn-api-3.3.3.jar:/workspace/m2-repository/javax/xml/bind/jaxb-api/2.2.11/jaxb-api-2.2.11.jar:/workspace/m2-repository/javax/ws/rs/javax.ws.rs-api/2.1.1/javax.ws.rs-api-2.1.1.jar:/workspace/m2-repository/org/apache/hadoop/hadoop-yarn-client/3.3.3/hadoop-yarn-client-3.3.3.jar:/workspace/m2-repository/org/eclipse/jetty/websocket/websocket-client/9.4.43.v20210629/websocket-client-9.4.43.v20210629.jar:/workspace/m2-repository/org/eclipse/jetty/jetty-client/9.4.43.v20210629/jetty-client-9.4.43.v20210629.jar:/workspace/m2-repository/org/eclipse/jetty/websocket/websocket-common/9.4.43.v20210629/websocket-common-9.4.43.v20210629.jar:/workspace/m2-repository/org/eclipse/jetty/websocket/websocket-api/9.4.43.v20210629/websocket-api-9.4.43.v20210629.jar:/workspace/m2-repository/org/jline/jline/3.9.0/jline-3.9.0.jar:/workspace/m2-repository/org/apache/hadoop/hadoop-mapreduce-client-core/3.3.3/hadoop-mapreduce-client-core-3.3.3.jar:/workspace/m2-repository/org/apache/hadoop/hadoop-yarn-common/3.3.3/hadoop-yarn-common-3.3.3.jar:/workspace/m2-repository/com/sun/jersey/jersey-client/1.19/jersey-client-1.19.jar:/workspace/m2-repository/com/fasterxml/jackson/module/jackson-module-jaxb-annotations/2.13.2/jackson-module-jaxb-annotations-2.13.2.jar:/workspace/m2-repository/jakarta/xml/bind/jakarta.xml.bind-api/2.3.3/jakarta.xml.bind-api-2.3.3.jar:/workspace/m2-repository/com/fasterxml/jackson/jaxrs/jackson-jaxrs-json-provider/2.13.2/jackson-jaxrs-json-provider-2.13.2.jar:/workspace/m2-repository/com/fasterxml/jackson/jaxrs/jackson-jaxrs-base/2.13.2/jackson-jaxrs-base-2.13.2.jar:/workspace/m2-repository/org/apache/hadoop/hadoop-mapreduce-client-jobclient/3.3.3/hadoop-mapreduce-client-jobclient-3.3.3.jar:/workspace/m2-repository/org/apache/hadoop/hadoop-mapreduce-client-common/3.3.3/hadoop-mapreduce-client-common-3.3.3.jar:/workspace/m2-repository/org/apache/hadoop/hadoop-common/3.3.3/hadoop-common-3.3.3.jar:/workspace/m2-repository/org/apache/hadoop/thirdparty/hadoop-shaded-protobuf_3_7/1.1.1/hadoop-shaded-protobuf_3_7-1.1.1.jar:/workspace/m2-repository/org/apache/hadoop/thirdparty/hadoop-shaded-guava/1.1.1/hadoop-shaded-guava-1.1.1.jar:/workspace/m2-repository/com/google/guava/guava/27.0-jre/guava-27.0-jre.jar:/workspace/m2-repository/com/google/guava/failureaccess/1.0/failureaccess-1.0.jar:/workspace/m2-repository/com/google/guava/listenablefuture/9999.0-empty-to-avoid-conflict-with-guava/listenablefuture-9999.0-empty-to-avoid-conflict-with-guava.jar:/workspace/m2-repository/org/checkerframework/checker-qual/2.5.2/checker-qual-2.5.2.jar:/workspace/m2-repository/com/google/j2objc/j2objc-annotations/1.1/j2objc-annotations-1.1.jar:/workspace/m2-repository/org/codehaus/mojo/animal-sniffer-annotations/1.17/animal-sniffer-annotations-1.17.jar:/workspace/m2-repository/commons-cli/commons-cli/1.2/commons-cli-1.2.jar:/workspace/m2-repository/org/apache/httpcomponents/httpclient/4.5.13/httpclient-4.5.13.jar:/workspace/m2-repository/org/apache/httpcomponents/httpcore/4.4.13/httpcore-4.4.13.jar:/workspace/m2-repository/commons-net/commons-net/3.6/commons-net-3.6.jar:/workspace/m2-repository/javax/servlet/javax.servlet-api/3.1.0/javax.servlet-api-3.1.0.jar:/workspace/m2-repository/jakarta/activation/jakarta.activation-api/1.2.1/jakarta.activation-api-1.2.1.jar:/workspace/m2-repository/org/eclipse/jetty/jetty-server/9.4.43.v20210629/jetty-server-9.4.43.v20210629.jar:/workspace/m2-repository/org/eclipse/jetty/jetty-http/9.4.43.v20210629/jetty-http-9.4.43.v20210629.jar:/workspace/m2-repository/org/eclipse/jetty/jetty-io/9.4.43.v20210629/jetty-io-9.4.43.v20210629.jar:/workspace/m2-repository/org/eclipse/jetty/jetty-util/9.4.43.v20210629/jetty-util-9.4.43.v20210629.jar:/workspace/m2-repository/org/eclipse/jetty/jetty-servlet/9.4.43.v20210629/jetty-servlet-9.4.43.v20210629.jar:/workspace/m2-repository/org/eclipse/jetty/jetty-security/9.4.43.v20210629/jetty-security-9.4.43.v20210629.jar:/workspace/m2-repository/org/eclipse/jetty/jetty-util-ajax/9.4.43.v20210629/jetty-util-ajax-9.4.43.v20210629.jar:/workspace/m2-repository/org/eclipse/jetty/jetty-webapp/9.4.43.v20210629/jetty-webapp-9.4.43.v20210629.jar:/workspace/m2-repository/org/eclipse/jetty/jetty-xml/9.4.43.v20210629/jetty-xml-9.4.43.v20210629.jar:/workspace/m2-repository/javax/servlet/jsp/jsp-api/2.1/jsp-api-2.1.jar:/workspace/m2-repository/com/sun/jersey/jersey-core/1.19/jersey-core-1.19.jar:/workspace/m2-repository/javax/ws/rs/jsr311-api/1.1.1/jsr311-api-1.1.1.jar:/workspace/m2-repository/com/sun/jersey/jersey-servlet/1.19/jersey-servlet-1.19.jar:/workspace/m2-repository/com/sun/jersey/jersey-json/1.19/jersey-json-1.19.jar:/workspace/m2-repository/org/codehaus/jettison/jettison/1.1/jettison-1.1.jar:/workspace/m2-repository/com/sun/xml/bind/jaxb-impl/2.2.3-1/jaxb-impl-2.2.3-1.jar:/workspace/m2-repository/org/codehaus/jackson/jackson-core-asl/1.9.2/jackson-core-asl-1.9.2.jar:/workspace/m2-repository/org/codehaus/jackson/jackson-mapper-asl/1.9.2/jackson-mapper-asl-1.9.2.jar:/workspace/m2-repository/org/codehaus/jackson/jackson-jaxrs/1.9.2/jackson-jaxrs-1.9.2.jar:/workspace/m2-repository/org/codehaus/jackson/jackson-xc/1.9.2/jackson-xc-1.9.2.jar:/workspace/m2-repository/com/sun/jersey/jersey-server/1.19/jersey-server-1.19.jar:/workspace/m2-repository/ch/qos/reload4j/reload4j/1.2.18.3/reload4j-1.2.18.3.jar:/workspace/m2-repository/commons-beanutils/commons-beanutils/1.9.4/commons-beanutils-1.9.4.jar:/workspace/m2-repository/org/apache/commons/commons-configuration2/2.1.1/commons-configuration2-2.1.1.jar:/workspace/m2-repository/org/slf4j/slf4j-reload4j/1.7.36/slf4j-reload4j-1.7.36.jar:/workspace/m2-repository/com/google/re2j/re2j/1.1/re2j-1.1.jar:/workspace/m2-repository/com/google/code/gson/gson/2.8.9/gson-2.8.9.jar:/workspace/m2-repository/org/apache/hadoop/hadoop-auth/3.3.3/hadoop-auth-3.3.3.jar:/workspace/m2-repository/com/nimbusds/nimbus-jose-jwt/9.8.1/nimbus-jose-jwt-9.8.1.jar:/workspace/m2-repository/com/github/stephenc/jcip/jcip-annotations/1.0-1/jcip-annotations-1.0-1.jar:/workspace/m2-repository/net/minidev/json-smart/2.4.7/json-smart-2.4.7.jar:/workspace/m2-repository/net/minidev/accessors-smart/2.4.7/accessors-smart-2.4.7.jar:/workspace/m2-repository/org/ow2/asm/asm/9.1/asm-9.1.jar:/workspace/m2-repository/org/apache/kerby/kerb-simplekdc/1.0.1/kerb-simplekdc-1.0.1.jar:/workspace/m2-repository/org/apache/kerby/kerb-client/1.0.1/kerb-client-1.0.1.jar:/workspace/m2-repository/org/apache/kerby/kerby-config/1.0.1/kerby-config-1.0.1.jar:/workspace/m2-repository/org/apache/kerby/kerb-common/1.0.1/kerb-common-1.0.1.jar:/workspace/m2-repository/org/apache/kerby/kerb-crypto/1.0.1/kerb-crypto-1.0.1.jar:/workspace/m2-repository/org/apache/kerby/kerb-util/1.0.1/kerb-util-1.0.1.jar:/workspace/m2-repository/org/apache/kerby/token-provider/1.0.1/token-provider-1.0.1.jar:/workspace/m2-repository/org/apache/kerby/kerb-admin/1.0.1/kerb-admin-1.0.1.jar:/workspace/m2-repository/org/apache/kerby/kerb-server/1.0.1/kerb-server-1.0.1.jar:/workspace/m2-repository/org/apache/kerby/kerb-identity/1.0.1/kerb-identity-1.0.1.jar:/workspace/m2-repository/org/apache/kerby/kerby-xdr/1.0.1/kerby-xdr-1.0.1.jar:/workspace/m2-repository/com/jcraft/jsch/0.1.55/jsch-0.1.55.jar:/workspace/m2-repository/org/apache/curator/curator-client/4.2.0/curator-client-4.2.0.jar:/workspace/m2-repository/org/apache/kerby/kerb-core/1.0.1/kerb-core-1.0.1.jar:/workspace/m2-repository/org/apache/kerby/kerby-pkix/1.0.1/kerby-pkix-1.0.1.jar:/workspace/m2-repository/org/apache/kerby/kerby-asn1/1.0.1/kerby-asn1-1.0.1.jar:/workspace/m2-repository/org/apache/kerby/kerby-util/1.0.1/kerby-util-1.0.1.jar:/workspace/m2-repository/org/codehaus/woodstox/stax2-api/4.2.1/stax2-api-4.2.1.jar:/workspace/m2-repository/com/fasterxml/woodstox/woodstox-core/5.3.0/woodstox-core-5.3.0.jar:/workspace/m2-repository/dnsjava/dnsjava/2.1.7/dnsjava-2.1.7.jar:"/>
    <property name="sun.cpu.endian" value="little"/>
    <property name="user.home" value="/home/gitpod"/>
    <property name="user.language" value="en"/>
    <property name="java.specification.vendor" value="Oracle Corporation"/>
    <property name="java.version.date" value="2022-04-19"/>
    <property name="java.home" value="/home/gitpod/.sdkman/candidates/java/11.0.15.fx-zulu"/>
    <property name="file.separator" value="/"/>
    <property name="basedir" value="/workspace/hadoop/demo"/>
    <property name="java.vm.compressedOopsMode" value="Zero based"/>
    <property name="line.separator" value="&#10;"/>
    <property name="java.specification.name" value="Java Platform API Specification"/>
    <property name="java.vm.specification.vendor" value="Oracle Corporation"/>
    <property name="jdk.vendor.version" value="Zulu11.56+19-CA"/>
    <property name="java.awt.graphicsenv" value="sun.awt.X11GraphicsEnvironment"/>
    <property name="surefire.real.class.path" value="/workspace/hadoop/demo/target/surefire/surefirebooter12178354977065596035.jar"/>
    <property name="sun.management.compiler" value="HotSpot 64-Bit Tiered Compilers"/>
    <property name="java.runtime.version" value="11.0.15+10-LTS"/>
    <property name="user.name" value="gitpod"/>
    <property name="path.separator" value=":"/>
    <property name="os.version" value="5.15.0-40-generic"/>
    <property name="java.runtime.name" value="OpenJDK Runtime Environment"/>
    <property name="file.encoding" value="UTF-8"/>
    <property name="java.vm.name" value="OpenJDK 64-Bit Server VM"/>
    <property name="java.vendor.version" value="Zulu11.56+19-CA"/>
    <property name="localRepository" value="/workspace/m2-repository"/>
    <property name="java.vendor.url.bug" value="http://www.azul.com/support/"/>
    <property name="java.io.tmpdir" value="/tmp"/>
    <property name="java.version" value="11.0.15"/>
    <property name="user.dir" value="/workspace/hadoop/demo"/>
    <property name="os.arch" value="amd64"/>
    <property name="java.vm.specification.name" value="Java Virtual Machine Specification"/>
    <property name="java.awt.printerjob" value="sun.print.PSPrinterJob"/>
    <property name="sun.os.patch.level" value="unknown"/>
    <property name="java.library.path" value="/usr/java/packages/lib:/usr/lib64:/lib64:/lib:/usr/lib"/>
    <property name="java.vm.info" value="mixed mode"/>
    <property name="java.vendor" value="Azul Systems, Inc."/>
    <property name="java.vm.version" value="11.0.15+10-LTS"/>
    <property name="sun.io.unicode.encoding" value="UnicodeLittle"/>
    <property name="java.class.version" value="55.0"/>
  </properties>
  <testcase name="shouldAnswerWithTrue" classname="com.abc.AppTest" time="0.001"/>
</testsuite>