<?xml version="1.0" encoding="UTF-8"?>
<!-- Generated by org.testng.reporters.JUnitReportReporter -->
<testsuite hostname="ws-706884ca-cbc2-43be-a9b7-a921acea8296" failures="0" tests="1" name="org.art.mainthread.MainTest" time="0.101" errors="0" timestamp="17 Dec 2021 01:43:00 GMT">
  <testcase classname="org.art.mainthread.MainTest" name="testMain" time="0.101"/>
</testsuite> <!-- org.art.mainthread.MainTest -->
